
Showing logs for build [32mcb-kubecd-environment-pr-213-26-5q78z-1[0m stage [32mfrom-build-pack[0m and container [32mstep-credential-initializer-bljkg[0m
{"level":"info","ts":1588561479.253946,"logger":"fallback-logger","caller":"logging/config.go:69","msg":"Fetch GitHub commit ID from kodata failed: open /var/run/ko/refs/heads/0.8.0-ns-support: no such file or directory"}
{"level":"info","ts":1588561479.2549655,"logger":"fallback-logger","caller":"creds-init/main.go:40","msg":"Credentials initialized."}

Showing logs for build [32mcb-kubecd-environment-pr-213-26-5q78z-1[0m stage [32mfrom-build-pack[0m and container [32mstep-working-dir-initializer-m85wk[0m
{"level":"info","ts":1588561480.1643307,"logger":"fallback-logger","caller":"logging/config.go:69","msg":"Fetch GitHub commit ID from kodata failed: open /var/run/ko/HEAD: no such file or directory"}
{"level":"info","ts":1588561480.1682026,"logger":"fallback-logger","caller":"bash/main.go:64","msg":"Successfully executed command \"sh -c mkdir -p /workspace/source\"; output "}

Showing logs for build [32mcb-kubecd-environment-pr-213-26-5q78z-1[0m stage [32mfrom-build-pack[0m and container [32mstep-place-tools[0m

Showing logs for build [32mcb-kubecd-environment-pr-213-26-5q78z-1[0m stage [32mfrom-build-pack[0m and container [32mstep-git-source-cb-kubecd-environment-pr-213-26-5q78z-wxlgg[0m
{"level":"info","ts":1588561485.3609579,"logger":"fallback-logger","caller":"logging/config.go:69","msg":"Fetch GitHub commit ID from kodata failed: open /var/run/ko/refs/heads/0.8.0-ns-support: no such file or directory"}
{"level":"info","ts":1588561486.4714348,"logger":"fallback-logger","caller":"git/git.go:103","msg":"Successfully cloned https://github.com/cb-kubecd/environment-pr-213-26-boot-vault-gke-staging.git @ master in path /workspace/source"}

Showing logs for build [32mcb-kubecd-environment-pr-213-26-5q78z-1[0m stage [32mfrom-build-pack[0m and container [32mstep-git-merge[0m
Using SHAs from PULL_REFS=master:fe81299bb9b73b77bee49f4b6acd7fa045f16b5d,2:34d0eca913e02fc867181de2bcfd770f81676267
DEBUG: JX_LOG_LEVEL=error LC_ALL=C git fetch origin --unshallow 34d0eca913e02fc867181de2bcfd770f81676267: fe81299bb9b73b77bee49f4b6acd7fa045f16b5d:
DEBUG: ran git fetch --unshallow origin 34d0eca913e02fc867181de2bcfd770f81676267: fe81299bb9b73b77bee49f4b6acd7fa045f16b5d: in 
DEBUG: JX_LOG_LEVEL=error LC_ALL=C git branch
DEBUG: LC_ALL=C JX_LOG_LEVEL=error git checkout master
DEBUG: ran git checkout master in 
DEBUG: LC_ALL=C JX_LOG_LEVEL=error git reset --hard fe81299bb9b73b77bee49f4b6acd7fa045f16b5d
DEBUG: ran git reset --hard fe81299bb9b73b77bee49f4b6acd7fa045f16b5d in 
DEBUG: JX_LOG_LEVEL=error LC_ALL=C git clean -fd .
DEBUG: ran clean --force -d . in 
DEBUG: LC_ALL=C JX_LOG_LEVEL=error git merge 34d0eca913e02fc867181de2bcfd770f81676267
DEBUG: ran git merge 34d0eca913e02fc867181de2bcfd770f81676267 in 
DEBUG: LC_ALL=C JX_LOG_LEVEL=error git log --format=%H%x1f%an%x1f%ae%x1f%cn%x1f%ce%x1f%s%n%b%x1e fe81299bb9b73b77bee49f4b6acd7fa045f16b5d..HEAD
Merged SHA 34d0eca913e02fc867181de2bcfd770f81676267 with commit message 'chore: Promote bdd-gh-1588561145 to version 0.0.1' into base branch master

Showing logs for build [32mcb-kubecd-environment-pr-213-26-5q78z-1[0m stage [32mfrom-build-pack[0m and container [32mstep-build-helm-build[0m
WARNING: No $CHART_REPOSITORY defined so using the default value of: http://jenkins-x-chartmuseum:8080
Adding missing Helm repo: storage.googleapis.com https://storage.googleapis.com/chartmuseum.jenkins-x.io
WARNING: No secrets found on "helm/repos" due: reading the secret "helm/repos" from vault: no secret "helm/repos" not found in vault
Read credentials for https://storage.googleapis.com/chartmuseum.jenkins-x.io from vault helm/repos
Successfully added Helm repository storage.googleapis.com.
Adding missing Helm repo: jenkins-x-chartmuseum http://jenkins-x-chartmuseum:8080
WARNING: No secrets found on "helm/repos" due: reading the secret "helm/repos" from vault: no secret "helm/repos" not found in vault
Read credentials for http://jenkins-x-chartmuseum:8080 from vault helm/repos
Successfully added Helm repository jenkins-x-chartmuseum.
WARNING: No $CHART_REPOSITORY defined so using the default value of: http://jenkins-x-chartmuseum:8080
Adding missing Helm repo: chartmuseum.jenkins-x.io http://chartmuseum.jenkins-x.io
WARNING: No secrets found on "helm/repos" due: reading the secret "helm/repos" from vault: no secret "helm/repos" not found in vault
Read credentials for http://chartmuseum.jenkins-x.io from vault helm/repos
Successfully added Helm repository chartmuseum.jenkins-x.io.
