
Showing logs for build [32mcb-kubecd-environment-pr-213-26-bq8lz-1[0m stage [32mfrom-build-pack[0m and container [32mstep-credential-initializer-9659f[0m
{"level":"info","ts":1588562556.2664409,"logger":"fallback-logger","caller":"logging/config.go:69","msg":"Fetch GitHub commit ID from kodata failed: open /var/run/ko/refs/heads/0.8.0-ns-support: no such file or directory"}
{"level":"info","ts":1588562556.2743762,"logger":"fallback-logger","caller":"creds-init/main.go:40","msg":"Credentials initialized."}

Showing logs for build [32mcb-kubecd-environment-pr-213-26-bq8lz-1[0m stage [32mfrom-build-pack[0m and container [32mstep-working-dir-initializer-6pr8s[0m
{"level":"info","ts":1588562557.119431,"logger":"fallback-logger","caller":"logging/config.go:69","msg":"Fetch GitHub commit ID from kodata failed: open /var/run/ko/HEAD: no such file or directory"}
{"level":"info","ts":1588562557.1216462,"logger":"fallback-logger","caller":"bash/main.go:64","msg":"Successfully executed command \"sh -c mkdir -p /workspace/source\"; output "}

Showing logs for build [32mcb-kubecd-environment-pr-213-26-bq8lz-1[0m stage [32mfrom-build-pack[0m and container [32mstep-place-tools[0m

Showing logs for build [32mcb-kubecd-environment-pr-213-26-bq8lz-1[0m stage [32mfrom-build-pack[0m and container [32mstep-git-source-cb-kubecd-environment-pr-213-26-bq8lz-qv6pp[0m
{"level":"info","ts":1588562563.8142095,"logger":"fallback-logger","caller":"logging/config.go:69","msg":"Fetch GitHub commit ID from kodata failed: open /var/run/ko/refs/heads/0.8.0-ns-support: no such file or directory"}
{"level":"info","ts":1588562564.9416156,"logger":"fallback-logger","caller":"git/git.go:103","msg":"Successfully cloned https://github.com/cb-kubecd/environment-pr-213-26-boot-vault-gke-staging.git @ master in path /workspace/source"}

Showing logs for build [32mcb-kubecd-environment-pr-213-26-bq8lz-1[0m stage [32mfrom-build-pack[0m and container [32mstep-git-merge[0m
Using SHAs from PULL_REFS=master:20a6e4494d8551ab199200589b2d668a7ca840e9,3:a1544b133b3c9d14a1483b6295919ceffb5da30a
DEBUG: LC_ALL=C JX_LOG_LEVEL=error git fetch origin --unshallow a1544b133b3c9d14a1483b6295919ceffb5da30a: 20a6e4494d8551ab199200589b2d668a7ca840e9:
DEBUG: ran git fetch --unshallow origin a1544b133b3c9d14a1483b6295919ceffb5da30a: 20a6e4494d8551ab199200589b2d668a7ca840e9: in 
DEBUG: LC_ALL=C JX_LOG_LEVEL=error git branch
DEBUG: LC_ALL=C JX_LOG_LEVEL=error git checkout master
DEBUG: ran git checkout master in 
DEBUG: LC_ALL=C JX_LOG_LEVEL=error git reset --hard 20a6e4494d8551ab199200589b2d668a7ca840e9
DEBUG: ran git reset --hard 20a6e4494d8551ab199200589b2d668a7ca840e9 in 
DEBUG: LC_ALL=C JX_LOG_LEVEL=error git clean -fd .
DEBUG: ran clean --force -d . in 
DEBUG: LC_ALL=C JX_LOG_LEVEL=error git merge a1544b133b3c9d14a1483b6295919ceffb5da30a
DEBUG: ran git merge a1544b133b3c9d14a1483b6295919ceffb5da30a in 
DEBUG: LC_ALL=C JX_LOG_LEVEL=error git log --format=%H%x1f%an%x1f%ae%x1f%cn%x1f%ce%x1f%s%n%b%x1e 20a6e4494d8551ab199200589b2d668a7ca840e9..HEAD
Merged SHA a1544b133b3c9d14a1483b6295919ceffb5da30a with commit message 'chore: Promote bdd-sbhg-1588561145 to version 0.0.1' into base branch master

Showing logs for build [32mcb-kubecd-environment-pr-213-26-bq8lz-1[0m stage [32mfrom-build-pack[0m and container [32mstep-build-helm-build[0m
WARNING: No $CHART_REPOSITORY defined so using the default value of: http://jenkins-x-chartmuseum:8080
Adding missing Helm repo: storage.googleapis.com https://storage.googleapis.com/chartmuseum.jenkins-x.io
WARNING: No secrets found on "helm/repos" due: reading the secret "helm/repos" from vault: no secret "helm/repos" not found in vault
Read credentials for https://storage.googleapis.com/chartmuseum.jenkins-x.io from vault helm/repos
Successfully added Helm repository storage.googleapis.com.
Adding missing Helm repo: jenkins-x-chartmuseum http://jenkins-x-chartmuseum:8080
WARNING: No secrets found on "helm/repos" due: reading the secret "helm/repos" from vault: no secret "helm/repos" not found in vault
Read credentials for http://jenkins-x-chartmuseum:8080 from vault helm/repos
Successfully added Helm repository jenkins-x-chartmuseum.
WARNING: No $CHART_REPOSITORY defined so using the default value of: http://jenkins-x-chartmuseum:8080
Adding missing Helm repo: chartmuseum.jenkins-x.io http://chartmuseum.jenkins-x.io
WARNING: No secrets found on "helm/repos" due: reading the secret "helm/repos" from vault: no secret "helm/repos" not found in vault
Read credentials for http://chartmuseum.jenkins-x.io from vault helm/repos
Successfully added Helm repository chartmuseum.jenkins-x.io.
